

times in msec
 clock   self+sourced   self:  sourced script
 clock   elapsed:              other lines

000.004  000.004: --- VIM STARTING ---
000.179  000.175: Allocated generic buffers
000.633  000.454: locale set
000.641  000.008: clipboard setup
000.654  000.013: window checked
001.620  000.966: inits 1
001.847  000.227: parsing arguments
001.849  000.002: expanding arguments
007.356  005.507: shell init
007.648  000.292: Termcap init
007.661  000.013: inits 2
007.782  000.121: init highlight
008.063  000.185  000.185: sourcing $VIM/vimrc
009.867  001.535  001.535: sourcing /Users/wzj/.config/vim/autoload/plug.vim
015.452  004.890  004.890: sourcing /usr/share/vim/vim91/filetype.vim
015.693  000.058  000.058: sourcing /usr/share/vim/vim91/ftplugin.vim
015.835  000.028  000.028: sourcing /usr/share/vim/vim91/indent.vim
016.833  000.500  000.500: sourcing /usr/share/vim/vim91/colors/lists/default.vim
016.963  000.810  000.310: sourcing /usr/share/vim/vim91/syntax/syncolor.vim
017.011  000.949  000.139: sourcing /usr/share/vim/vim91/syntax/synload.vim
017.062  001.104  000.155: sourcing /usr/share/vim/vim91/syntax/syntax.vim
017.068  008.831  001.216: sourcing /Users/wzj/.config/vim/plugins.vim
017.466  000.193  000.193: sourcing /usr/share/vim/vim91/syntax/syncolor.vim
017.601  000.071  000.071: sourcing /usr/share/vim/vim91/colors/lists/default.vim
018.036  000.188  000.188: sourcing /usr/share/vim/vim91/syntax/syncolor.vim
019.518  001.826  001.638: sourcing /Users/wzj/.config/vim/colors/catppuccin_macchiato.vim
019.520  002.403  000.313: sourcing /Users/wzj/.config/vim/theme.vim
019.844  000.164  000.164: sourcing /usr/share/vim/vim91/syntax/nosyntax.vim
020.029  000.064  000.064: sourcing /usr/share/vim/vim91/colors/lists/default.vim
020.446  000.185  000.185: sourcing /usr/share/vim/vim91/syntax/syncolor.vim
021.899  001.803  001.618: sourcing /Users/wzj/.config/vim/colors/catppuccin_macchiato.vim
021.938  002.039  000.172: sourcing /usr/share/vim/vim91/syntax/synload.vim
021.979  002.365  000.162: sourcing /usr/share/vim/vim91/syntax/syntax.vim
022.042  000.008  000.008: sourcing /usr/share/vim/vim91/filetype.vim
022.107  000.010  000.010: sourcing /usr/share/vim/vim91/ftplugin.vim
022.169  000.007  000.007: sourcing /usr/share/vim/vim91/indent.vim
022.204  002.633  000.243: sourcing /Users/wzj/.config/vim/basic.vim
022.353  000.038  000.038: sourcing /Users/wzj/.config/vim/plugin-config/nerdtree.vim
022.451  000.046  000.046: sourcing /Users/wzj/.config/vim/plugin-config/startify.vim
022.463  014.307  000.356: sourcing $HOME/.vimrc
022.465  000.191: sourcing vimrc file(s)
022.679  000.082  000.082: sourcing /Users/wzj/.vim/plugged/vim-startify/plugin/startify.vim
023.071  000.169  000.169: sourcing /Users/wzj/.vim/plugged/nerdtree/autoload/nerdtree.vim
023.566  000.305  000.305: sourcing /Users/wzj/.vim/plugged/nerdtree/lib/nerdtree/path.vim
023.702  000.081  000.081: sourcing /Users/wzj/.vim/plugged/nerdtree/lib/nerdtree/menu_controller.vim
023.800  000.046  000.046: sourcing /Users/wzj/.vim/plugged/nerdtree/lib/nerdtree/menu_item.vim
023.915  000.062  000.062: sourcing /Users/wzj/.vim/plugged/nerdtree/lib/nerdtree/key_map.vim
024.084  000.124  000.124: sourcing /Users/wzj/.vim/plugged/nerdtree/lib/nerdtree/bookmark.vim
024.237  000.107  000.107: sourcing /Users/wzj/.vim/plugged/nerdtree/lib/nerdtree/tree_file_node.vim
024.503  000.221  000.221: sourcing /Users/wzj/.vim/plugged/nerdtree/lib/nerdtree/tree_dir_node.vim
024.644  000.094  000.094: sourcing /Users/wzj/.vim/plugged/nerdtree/lib/nerdtree/opener.vim
024.822  000.133  000.133: sourcing /Users/wzj/.vim/plugged/nerdtree/lib/nerdtree/creator.vim
024.890  000.023  000.023: sourcing /Users/wzj/.vim/plugged/nerdtree/lib/nerdtree/flag_set.vim
025.004  000.069  000.069: sourcing /Users/wzj/.vim/plugged/nerdtree/lib/nerdtree/nerdtree.vim
025.229  000.180  000.180: sourcing /Users/wzj/.vim/plugged/nerdtree/lib/nerdtree/ui.vim
025.287  000.010  000.010: sourcing /Users/wzj/.vim/plugged/nerdtree/lib/nerdtree/event.vim
025.352  000.018  000.018: sourcing /Users/wzj/.vim/plugged/nerdtree/lib/nerdtree/notifier.vim
025.714  000.265  000.265: sourcing /Users/wzj/.vim/plugged/nerdtree/autoload/nerdtree/ui_glue.vim
027.225  000.051  000.051: sourcing /Users/wzj/.vim/plugged/nerdtree/nerdtree_plugin/exec_menuitem.vim
028.489  001.229  001.229: sourcing /Users/wzj/.vim/plugged/nerdtree/nerdtree_plugin/fs_menu.vim
028.555  000.027  000.027: sourcing /Users/wzj/.vim/plugged/nerdtree/nerdtree_plugin/vcs.vim
028.590  005.823  002.609: sourcing /Users/wzj/.vim/plugged/nerdtree/plugin/NERD_tree.vim
028.923  000.032  000.032: sourcing /usr/share/vim/vim91/plugin/getscriptPlugin.vim
029.082  000.117  000.117: sourcing /usr/share/vim/vim91/plugin/gzip.vim
029.252  000.129  000.129: sourcing /usr/share/vim/vim91/plugin/logiPat.vim
029.315  000.022  000.022: sourcing /usr/share/vim/vim91/plugin/manpager.vim
029.462  000.101  000.101: sourcing /usr/share/vim/vim91/plugin/matchparen.vim
029.765  000.259  000.259: sourcing /usr/share/vim/vim91/plugin/netrwPlugin.vim
029.816  000.009  000.009: sourcing /usr/share/vim/vim91/plugin/rrhelper.vim
029.871  000.014  000.014: sourcing /usr/share/vim/vim91/plugin/spellfile.vim
029.993  000.080  000.080: sourcing /usr/share/vim/vim91/plugin/tarPlugin.vim
030.117  000.083  000.083: sourcing /usr/share/vim/vim91/plugin/tohtml.vim
030.252  000.084  000.084: sourcing /usr/share/vim/vim91/plugin/vimballPlugin.vim
030.398  000.102  000.102: sourcing /usr/share/vim/vim91/plugin/zipPlugin.vim
030.406  001.004: loading plugins
030.432  000.026: loading packages
030.442  000.010: loading after plugins
030.444  000.002: inits 3
030.542  000.098: reading viminfo
030.558  000.016: setting raw mode
030.575  000.017: start termcap
030.585  000.010: clearing screen
032.289  000.315  000.315: sourcing /usr/share/vim/vim91/ftplugin/python.vim
032.613  000.029  000.029: sourcing /usr/share/vim/vim91/indent/python.vim
033.074  000.341  000.341: sourcing /usr/share/vim/vim91/syntax/python.vim
033.276  002.006: opening buffers
033.329  000.053: BufEnter autocommands
033.330  000.001: editing files in windows
033.437  000.107: VimEnter autocommands
033.438  000.001: before starting main loop
033.973  000.535: first screen update
033.974  000.001: --- VIM STARTED ---
